Copyright 1986-2018 Xilinx, Inc. All Rights Reserved.
-------------------------------------------------------------------------------------
| Tool Version : Vivado v.2018.2 (win64) Build 2258646 Thu Jun 14 20:03:12 MDT 2018
| Date         : Tue Mar  5 12:56:13 2024
| Host         : CS152B-11 running 64-bit major release  (build 9200)
| Command      : report_control_sets -verbose -file vga_sync_control_sets_placed.rpt
| Design       : vga_sync
| Device       : xc7a35t
-------------------------------------------------------------------------------------

Control Set Information

Table of Contents
-----------------
1. Summary
2. Histogram
3. Flip-Flop Distribution
4. Detailed Control Set Information

1. Summary
----------

+----------------------------------------------------------+-------+
|                          Status                          | Count |
+----------------------------------------------------------+-------+
| Number of unique control sets                            |     4 |
| Unused register locations in slices containing registers |    12 |
+----------------------------------------------------------+-------+


2. Histogram
------------

+--------+--------------+
| Fanout | Control Sets |
+--------+--------------+
|      4 |            1 |
|      8 |            1 |
|    16+ |            2 |
+--------+--------------+


3. Flip-Flop Distribution
-------------------------

+--------------+-----------------------+------------------------+-----------------+--------------+
| Clock Enable | Synchronous Set/Reset | Asynchronous Set/Reset | Total Registers | Total Slices |
+--------------+-----------------------+------------------------+-----------------+--------------+
| No           | No                    | No                     |               4 |            1 |
| No           | No                    | Yes                    |               8 |            3 |
| No           | Yes                   | No                     |               0 |            0 |
| Yes          | No                    | No                     |               0 |            0 |
| Yes          | No                    | Yes                    |              40 |            7 |
| Yes          | Yes                   | No                     |               0 |            0 |
+--------------+-----------------------+------------------------+-----------------+--------------+


4. Detailed Control Set Information
-----------------------------------

+------------------------------+---------------+------------------+------------------+----------------+
|         Clock Signal         | Enable Signal | Set/Reset Signal | Slice Load Count | Bel Load Count |
+------------------------------+---------------+------------------+------------------+----------------+
|  color_getter/vgaRed_OBUF[0] |               |                  |                1 |              4 |
|  clk_IBUF_BUFG               |               | reset_IBUF       |                3 |              8 |
|  clk_IBUF_BUFG               | pixel_tick    | reset_IBUF       |                3 |             20 |
|  clk_IBUF_BUFG               | v_count_reg0  | reset_IBUF       |                4 |             20 |
+------------------------------+---------------+------------------+------------------+----------------+


