Copyright 1986-2018 Xilinx, Inc. All Rights Reserved.
------------------------------------------------------------------------------------------------------------
| Tool Version : Vivado v.2018.2 (win64) Build 2258646 Thu Jun 14 20:03:12 MDT 2018
| Date         : Tue Feb 27 13:52:37 2024
| Host         : CS152B-11 running 64-bit major release  (build 9200)
| Command      : report_drc -file basys3_drc_routed.rpt -pb basys3_drc_routed.pb -rpx basys3_drc_routed.rpx
| Design       : basys3
| Device       : xc7a35tcpg236-1
| Speed File   : -1
| Design State : Routed
------------------------------------------------------------------------------------------------------------

Report DRC

Table of Contents
-----------------
1. REPORT SUMMARY
2. REPORT DETAILS

1. REPORT SUMMARY
-----------------
            Netlist: netlist
          Floorplan: design_1
      Design limits: <entire design considered>
           Ruledeck: default
             Max violations: <unlimited>
             Violations found: 0
+------+----------+-------------+------------+
| Rule | Severity | Description | Violations |
+------+----------+-------------+------------+
+------+----------+-------------+------------+

2. REPORT DETAILS
-----------------

